{
  "stats": {
    "suites": 37,
    "tests": 70,
    "passes": 70,
    "pending": 0,
    "failures": 0,
    "start": "2016-03-30T21:24:35.426Z",
    "end": "2016-03-30T21:24:36.339Z"
  },
  "coverage": {
    "total": {
      "statementsTotal": 116,
      "statementsCovered": 99,
      "percentage": 85.34
    },
    "files": [
      {
        "name": "ember-cli-storagekit/utilities/storage-support",
        "statementsTotal": 10,
        "statementsCovered": 10,
        "percentage": 100
      },
      {
        "name": "ember-cli-storagekit/initializers/inject-storagekit",
        "statementsTotal": 21,
        "statementsCovered": 17,
        "percentage": 80.95
      },
      {
        "name": "ember-cli-storagekit/serializers/json",
        "statementsTotal": 8,
        "statementsCovered": 8,
        "percentage": 100
      },
      {
        "name": "ember-cli-storagekit/mixins/build-namespace",
        "statementsTotal": 18,
        "statementsCovered": 17,
        "percentage": 94.44
      },
      {
        "name": "ember-cli-storagekit/services/base-storage",
        "statementsTotal": 10,
        "statementsCovered": 8,
        "percentage": 80
      },
      {
        "name": "ember-cli-storagekit/services/instance-storage",
        "statementsTotal": 3,
        "statementsCovered": 3,
        "percentage": 100
      },
      {
        "name": "ember-cli-storagekit/adapters/abstract",
        "statementsTotal": 15,
        "statementsCovered": 5,
        "percentage": 33.33
      },
      {
        "name": "ember-cli-storagekit/adapters/instance",
        "statementsTotal": 16,
        "statementsCovered": 16,
        "percentage": 100
      },
      {
        "name": "ember-cli-storagekit/adapters/local",
        "statementsTotal": 3,
        "statementsCovered": 3,
        "percentage": 100
      },
      {
        "name": "ember-cli-storagekit/adapters/session",
        "statementsTotal": 3,
        "statementsCovered": 3,
        "percentage": 100
      },
      {
        "name": "ember-cli-storagekit/services/local-storage",
        "statementsTotal": 3,
        "statementsCovered": 3,
        "percentage": 100
      },
      {
        "name": "ember-cli-storagekit/services/session-storage",
        "statementsTotal": 3,
        "statementsCovered": 3,
        "percentage": 100
      },
      {
        "name": "ember-cli-storagekit/services/storage",
        "statementsTotal": 3,
        "statementsCovered": 3,
        "percentage": 100
      }
    ]
  }
}